INFO - [♥] Lovely 0.7.1
INFO - [♥] Game directory is at "C:\\Program Files\\Steam\\steamapps\\common\\Balatro"
INFO - [♥] Writing logs to "C:\\Users\\amate\\AppData\\Roaming\\Balatro\\Mods\\lovely\\log"
INFO - [♥] Using mod directory at "C:\\Users\\amate\\AppData\\Roaming\\Balatro\\Mods"
INFO - [♥] Cleaning up dumps directory at "C:\\Users\\amate\\AppData\\Roaming\\Balatro\\Mods\\lovely\\dump"
INFO - [♥] Initialization complete in 485ms
INFO - [♥] Applied 1 patch to 'conf.lua'
INFO - [♥] Applied 23 patches to 'main.lua'
INFO - [♥] Applied 12 patches to 'engine/controller.lua'
INFO - [♥] Applied 15 patches to 'back.lua'
INFO - [♥] Applied 7 patches to 'tag.lua'
INFO - [♥] Applied 2 patches to 'engine/moveable.lua'
INFO - [♥] Applied 2 patches to 'engine/sprite.lua'
INFO - [♥] Applied 2 patches to 'engine/animatedsprite.lua'
INFO - [♥] Applied 67 patches to 'functions/misc_functions.lua'
INFO - [♥] Applied 40 patches to 'game.lua'
INFO - [♥] Applied 1 patch to 'globals.lua'
INFO - [♥] Applied 5 patches to 'engine/ui.lua'
INFO - [♥] Applied 91 patches to 'functions/UI_definitions.lua'
INFO - [♥] Applied 48 patches to 'functions/state_events.lua'
INFO - [♥] Applied 115 patches to 'functions/common_events.lua'
INFO - [♥] Applied 50 patches to 'functions/button_callbacks.lua'
INFO - [♥] Applied 165 patches to 'card.lua'
INFO - [♥] Applied 10 patches to 'cardarea.lua'
INFO - [♥] Applied 36 patches to 'blind.lua'
INFO - [♥] Applied 2 patches to 'engine/text.lua'
INFO - [G] Failed to connect to the debug server 
INFO - [G] 2025-07-02 20:30:34 :: DEBUG :: DebugConsole :: Steamodded Debug Socket started ! 
INFO - [G] 2025-07-02 20:30:34 :: INFO  :: SMODS :: Steamodded v1.0.0~BETA-0614a 
INFO - [♥] Applied 9 patches to 'engine/sound_manager.lua'
INFO - [♥] Applied 1 patch to 'engine/save_manager.lua'
INFO - [G] 2025-07-02 20:30:36 :: ERROR :: Loader :: Found invalid metadata JSON file at C:\Users\amate\AppData\Roaming\Balatro\Mods/Balatro Test Mod/balatro_test.json, ignoring: [SMODS _ "src/loader.lua"]:226: name 
INFO - [G] 2025-07-02 20:30:36 :: ERROR :: Loader :: Found invalid metadata JSON file at C:\Users\amate\AppData\Roaming\Balatro\Mods/Balatro Test Mod/smods-1.0.0-beta-0614a/manifest.json, ignoring: [SMODS _ "src/loader.lua"]:226: id 
INFO - [G] 2025-07-02 20:30:36 :: ERROR :: Loader :: Found invalid metadata JSON file at C:\Users\amate\AppData\Roaming\Balatro\Mods/DebugPlus/.luarc.json, ignoring: [SMODS _ "src/loader.lua"]:226: id 
INFO - [G] 2025-07-02 20:30:36 :: ERROR :: Loader :: Found invalid metadata JSON file at C:\Users\amate\AppData\Roaming\Balatro\Mods/DebugPlus/dev/.luarc.json, ignoring: [SMODS _ "src/loader.lua"]:226: id 
INFO - [G] 2025-07-02 20:30:36 :: INFO  :: Loader :: Valid JSON file found 
INFO - [G] 2025-07-02 20:30:36 :: TRACE :: Loader :: Processing Mod file (Legacy header): AchievementsEnabler.lua 
INFO - [G] 2025-07-02 20:30:36 :: TRACE :: Loader :: Saving Mod Info: AchievementsEnabler 
INFO - [G] 2025-07-02 20:30:36 :: TRACE :: Loader :: Processing Mod file (Legacy header): Always_Show_Seed.lua 
INFO - [G] 2025-07-02 20:30:36 :: TRACE :: Loader :: Saving Mod Info: Infarctus_Always_Show_Seed 
INFO - [G] 2025-07-02 20:30:36 :: TRACE :: Loader :: Processing Mod file (Legacy header): Aura.lua 
INFO - [G] 2025-07-02 20:30:36 :: TRACE :: Loader :: Saving Mod Info: Aura 
INFO - [G] 2025-07-02 20:30:36 :: TRACE :: Loader :: Processing Mod file (Legacy header): Aure Spectral.lua 
INFO - [G] 2025-07-02 20:30:36 :: TRACE :: Loader :: Saving Mod Info: aure_spectral 
INFO - [G] 2025-07-02 20:30:36 :: TRACE :: Loader :: Processing Mod file (Legacy header): Reshuffled.lua 
INFO - [G] 2025-07-02 20:30:36 :: TRACE :: Loader :: Saving Mod Info: Reshuffled 
INFO - [G] 2025-07-02 20:30:36 :: INFO  :: Loader :: Valid JSON file found 
INFO - [G] 2025-07-02 20:30:36 :: TRACE :: Loader :: Processing Mod file (Legacy header): main.lua 
INFO - [G] 2025-07-02 20:30:36 :: TRACE :: Loader :: Saving Mod Info: balatro-safety 
INFO - [G] 2025-07-02 20:30:36 :: TRACE :: Loader :: Processing Mod file (Legacy header): BetterMouseAndGamepad_v1.0.6c.lua 
INFO - [G] 2025-07-02 20:30:36 :: TRACE :: Loader :: Saving Mod Info: BetterMouseAndGamepad 
INFO - [G] 2025-07-02 20:30:36 :: TRACE :: Loader :: Processing Mod file (Legacy header): mod.lua 
INFO - [G] 2025-07-02 20:30:36 :: TRACE :: Loader :: Saving Mod Info: blueprint 
INFO - [G] 2025-07-02 20:30:36 :: INFO  :: Loader :: Valid JSON file found 
INFO - [G] 2025-07-02 20:30:36 :: ERROR :: Loader :: Found invalid metadata JSON file at C:\Users\amate\AppData\Roaming\Balatro\Mods/dump/CardSleeves-main/CardSleeves.json, ignoring: [SMODS _ "src/loader.lua"]:162: dupe 
INFO - [G] 2025-07-02 20:30:36 :: TRACE :: Loader :: Processing Mod file (Legacy header): mod.lua 
INFO - [G] 2025-07-02 20:30:36 :: TRACE :: Loader :: Saving Mod Info: cartomancer 
INFO - [G] 2025-07-02 20:30:36 :: INFO  :: Loader :: Valid JSON file found 
INFO - [G] 2025-07-02 20:30:36 :: ERROR :: Loader :: Found invalid metadata JSON file at C:\Users\amate\AppData\Roaming\Balatro\Mods/dump/DeckStickerShowEverywhere/DeckStickerShowEverywhere.json, ignoring: [SMODS _ "src/loader.lua"]:226: main_file 
INFO - [G] 2025-07-02 20:30:36 :: TRACE :: Loader :: Processing Mod file (Legacy header): EnhancedEnhancements.lua 
INFO - [G] 2025-07-02 20:30:36 :: TRACE :: Loader :: Saving Mod Info: EnhancedEnhancements 
INFO - [G] 2025-07-02 20:30:36 :: TRACE :: Loader :: Processing Mod file (Legacy header): EscapeExitButton.lua 
INFO - [G] 2025-07-02 20:30:36 :: TRACE :: Loader :: Saving Mod Info: EscapeExitButton 
INFO - [G] 2025-07-02 20:30:36 :: TRACE :: Loader :: Processing Mod file (Legacy header): main.lua 
INFO - [G] 2025-07-02 20:30:36 :: TRACE :: Loader :: Saving Mod Info: ExtendedBlueprint 
INFO - [G] 2025-07-02 20:30:36 :: INFO  :: Loader :: Valid JSON file found 
INFO - [G] 2025-07-02 20:30:36 :: INFO  :: Loader :: Valid JSON file found 
INFO - [G] 2025-07-02 20:30:36 :: ERROR :: Loader :: Found invalid metadata JSON file at C:\Users\amate\AppData\Roaming\Balatro\Mods/dump/FlushHotkeys/.luarc.json, ignoring: [SMODS _ "src/loader.lua"]:226: id 
INFO - [G] 2025-07-02 20:30:36 :: INFO  :: Loader :: Valid JSON file found 
INFO - [G] 2025-07-02 20:30:36 :: TRACE :: Loader :: Processing Mod file (Legacy header): FoldButton.lua 
INFO - [G] 2025-07-02 20:30:36 :: TRACE :: Loader :: Saving Mod Info: FoldButton 
INFO - [G] 2025-07-02 20:30:36 :: INFO  :: Loader :: Valid JSON file found 
INFO - [G] 2025-07-02 20:30:36 :: INFO  :: Loader :: Valid JSON file found 
INFO - [G] 2025-07-02 20:30:36 :: TRACE :: Loader :: Processing Mod file (Legacy header): steamodded.lua 
INFO - [G] 2025-07-02 20:30:36 :: WARN  :: Loader :: Duplicate Mod ID: Handy 
INFO - [G] 2025-07-02 20:30:36 :: TRACE :: Loader :: Processing Mod file (Legacy header): steamodded.lua 
INFO - [G] 2025-07-02 20:30:36 :: TRACE :: Loader :: Saving Mod Info: HeyListen 
INFO - [G] 2025-07-02 20:30:36 :: TRACE :: Loader :: Processing Mod file (Legacy header): HouseRules.lua 
INFO - [G] 2025-07-02 20:30:36 :: TRACE :: Loader :: Saving Mod Info: HouseRules 
INFO - [G] 2025-07-02 20:30:36 :: TRACE :: Loader :: Processing Mod file (Legacy header): Incantation.lua 
INFO - [G] 2025-07-02 20:30:36 :: TRACE :: Loader :: Saving Mod Info: incantation 
INFO - [G] 2025-07-02 20:30:36 :: TRACE :: Loader :: Processing Mod file (Legacy header): jimbo.lua 
INFO - [G] 2025-07-02 20:30:36 :: TRACE :: Loader :: Saving Mod Info: ItemRemover 
INFO - [G] 2025-07-02 20:30:36 :: INFO  :: Loader :: Valid JSON file found 
INFO - [G] 2025-07-02 20:30:36 :: TRACE :: Loader :: Processing Mod file (Legacy header): JokerSellValue.lua 
INFO - [G] 2025-07-02 20:30:36 :: TRACE :: Loader :: Saving Mod Info: JokerSellValue 
INFO - [G] 2025-07-02 20:30:36 :: TRACE :: Loader :: Processing Mod file (Legacy header): steamodded_metadata.lua 
INFO - [G] 2025-07-02 20:30:36 :: TRACE :: Loader :: Saving Mod Info: Ankh 
INFO - [G] 2025-07-02 20:30:36 :: TRACE :: Loader :: Processing Mod file (Legacy header): ModPackFixes.lua 
INFO - [G] 2025-07-02 20:30:36 :: TRACE :: Loader :: Saving Mod Info: modpackfixes 
INFO - [G] 2025-07-02 20:30:36 :: TRACE :: Loader :: Processing Mod file (Legacy header): ModpackUtil.lua 
INFO - [G] 2025-07-02 20:30:36 :: TRACE :: Loader :: Saving Mod Info: Modpack_Util 
INFO - [G] 2025-07-02 20:30:36 :: INFO  :: Loader :: Valid JSON file found 
INFO - [G] 2025-07-02 20:30:37 :: TRACE :: Loader :: Processing Mod file (Legacy header): Nopeus.lua 
INFO - [G] 2025-07-02 20:30:37 :: TRACE :: Loader :: Saving Mod Info: nopeus 
INFO - [G] 2025-07-02 20:30:37 :: INFO  :: Loader :: Valid JSON file found 
INFO - [G] 2025-07-02 20:30:37 :: TRACE :: Loader :: Processing Mod file (Legacy header): mod.lua 
INFO - [G] 2025-07-02 20:30:37 :: TRACE :: Loader :: Saving Mod Info: dynfps 
INFO - [G] 2025-07-02 20:30:37 :: TRACE :: Loader :: Processing Mod file (Legacy header): quickrestart_steamodded.lua 
INFO - [G] 2025-07-02 20:30:37 :: TRACE :: Loader :: Saving Mod Info: quick_restart 
INFO - [G] 2025-07-02 20:30:37 :: TRACE :: Loader :: Processing Mod file (Legacy header): SeedUnlocker.lua 
INFO - [G] 2025-07-02 20:30:37 :: TRACE :: Loader :: Saving Mod Info: SeedUnlocker 
INFO - [G] 2025-07-02 20:30:37 :: TRACE :: Loader :: Processing Mod file (Legacy header): TSpectrals_v1.2.lua 
INFO - [G] 2025-07-02 20:30:37 :: TRACE :: Loader :: Saving Mod Info: TSpectrals 
INFO - [G] 2025-07-02 20:30:37 :: TRACE :: Loader :: Processing Mod file (Legacy header): steamodded_metadata.lua 
INFO - [G] 2025-07-02 20:30:37 :: TRACE :: Loader :: Saving Mod Info: Talisman 
INFO - [G] 2025-07-02 20:30:37 :: TRACE :: Loader :: Processing Mod file (Legacy header): steamodded.lua 
INFO - [G] 2025-07-02 20:30:37 :: TRACE :: Loader :: Saving Mod Info: toomanyjokers 
INFO - [G] 2025-07-02 20:30:37 :: TRACE :: Loader :: Processing Mod file (Legacy header): VocaloidDeck.lua 
INFO - [G] 2025-07-02 20:30:37 :: TRACE :: Loader :: Saving Mod Info: vocaloiddeck 
INFO - [G] 2025-07-02 20:30:37 :: TRACE :: Loader :: Processing Mod file (Legacy header): main.lua 
INFO - [G] 2025-07-02 20:30:37 :: TRACE :: Loader :: Saving Mod Info: wheelofpurchase 
INFO - [G] 2025-07-02 20:30:37 :: TRACE :: Loader :: Processing Mod file (Legacy header): keyboard_dorkdad.lua 
INFO - [G] 2025-07-02 20:30:37 :: TRACE :: Loader :: Saving Mod Info: keyboard_dorkdad 
INFO - [G] 2025-07-02 20:30:37 :: ERROR :: Loader :: Found invalid metadata JSON file at C:\Users\amate\AppData\Roaming\Balatro\Mods/dump/smods-main/manifest.json, ignoring: [SMODS _ "src/loader.lua"]:226: id 
INFO - [G] 2025-07-02 20:30:37 :: TRACE :: Loader :: Processing Mod file (Legacy header): uni2skin.lua 
INFO - [G] 2025-07-02 20:30:37 :: TRACE :: Loader :: Saving Mod Info: uni2skin 
INFO - [G] 2025-07-02 20:30:37 :: INFO  :: CardSleeves :: CardSleeves v1.7.1 loaded~! 
INFO - [G] 2025-07-02 20:30:37 :: DEBUG :: AchievementsEnabler :: AchievementsEnabler Activated! 
INFO - [G] 2025-07-02 20:30:37 :: TRACE :: Loader :: Mod Ankh was unable to load:  
INFO - [G] 2025-07-02 20:30:37 :: WARN  :: Atlas :: The field `raw_key` on centers is deprecated.
Set `prefix_config.key = false` on your object instead. 
INFO - [G] 2025-07-02 20:30:37 :: WARN  :: Atlas :: Detected duplicate register call on object exb_modicon 
INFO - [G] line not found
INFO - [G] file not found: main.lua: No such file or directory
INFO - [G] file not found: main.lua: No such file or directory
INFO - [G] line not found
INFO - [G] line not found
INFO - [G] file not found: main.lua: No such file or directory
INFO - [G] 2025-07-02 20:30:37 :: ERROR :: StackTrace :: Oops! The game crashed
[SMODS FlowerPot "Flower Pot.lua"]:1: Flower Pot modules could not load. Please ensure that Flower Pot is not nested. 
Corrected file depth: "Mods/Flower-Pot/Flower Pot.lua"
Stack Traceback
===============
(1) Lua local 'handler' at file 'main.lua:612'
	Local variables:
	 msg = string: "[SMODS FlowerPot \"Flower Pot.lua\"]:1: Flower Pot modules could not load. Please ensure that Flower Pot is not nested. \
Corrected file depth: \"Mods/Flower-Pot/Flower Pot.lua\""
	 (*temporary) = Lua function '?' (defined at line 31 of chunk [SMODS _ "src/logging.lua"])
	 (*temporary) = string: "Oops! The game crashed\
"
(2) LÖVE function at file 'boot.lua:352' (best guess)
	Local variables:
	 errhand = Lua function '?' (defined at line 598 of chunk main.lua)
	 handler = Lua function '?' (defined at line 598 of chunk main.lua)
(3) global C function 'assert'
(4) main chunk of file 'Flower Pot.lua' at line 1 (from mod with id FlowerPot)
(5) Lua global 'loadMods' at Steamodded file 'src/loader.lua:571' 
	Local variables:
	 modsDirectory = string: "C:\\Users\\amate\\AppData\\Roaming\\Balatro\\Mods"
	 header_components = table: 0x361f6938  {version:table: 0x361f7050, id:table: 0x361f6b10, conflicts:table: 0x361f6f40, outdated:table: 0x361f70d0, prefix:table: 0x361f6ff0, dump_loc:table: 0x361f7130 (more...)}
	 json_spec = table: 0x361f71c8  {version:table: 0x361f7908, id:table: 0x361f74f8, main_file:table: 0x361f7ae8, __:table: 0x361f7ba8, badge_colour:table: 0x361f77a8, badge_text_colour:table: 0x361f7828 (more...)}
	 used_prefixes = table: 0x361f7ca8  {infa:Infarctus_Always_Show_Seed, seed:SeedUnlocker, modp:Modpack_Util, HeyListen:HeyListen, bmag_k:BetterMouseAndGamepad, quic:quick_restart (more...)}
	 lovely_directories = table: 0x361f7cd0  {1:C:\Users\amate\AppData\Roaming\Balatro\Mods/DebugPlus/, 2:C:\Users\amate\AppData\Roaming\Balatro\Mods/dump/}
	 processDirectory = Lua function '?' (defined at line 185 of chunk [SMODS _ "src/loader.lua"])
	 keyset = table: 0x36178af0  {1:-1e+24, 2:-100000, 3:-10000, 4:-10, 5:-1, 6:0, 7:1, 8:69, 9:100000, 10:1000000, 11:100000000, 12:9.007199254741e+15, 13:9e+301}
	 check_dependencies = Lua function '?' (defined at line 419 of chunk [SMODS _ "src/loader.lua"])
	 (for generator) = C function: builtin#6
	 (for state) = table: 0x36178af0  {1:-1e+24, 2:-100000, 3:-10000, 4:-10, 5:-1, 6:0, 7:1, 8:69, 9:100000, 10:1000000, 11:100000000, 12:9.007199254741e+15, 13:9e+301}
	 (for control) = number: 6
	 _ = number: 6
	 priority = number: 0
	 (for generator) = C function: builtin#6
	 (for state) = table: 0x363e7838  {1:table: 0x36201ff0, 2:table: 0x35ed3850, 3:table: 0x364116a0, 4:table: 0x365396c0, 5:table: 0x363dcc38, 6:table: 0x36549d40, 7:table: 0x365569b8 (more...)}
	 (for control) = number: 8
	 _ = number: 8
	 mod = table: 0x36559840  {version:0.7.25, id:FlowerPot, prefix:flowpot, can_load:true, badge_colour:table: 0x3655a168, badge_text_colour:table: 0x3655a1b8, priority:0 (more...)}
(6) Lua global 'initSteamodded' at Steamodded file 'src/loader.lua:654' 
(7) Lua method 'start_up' at file 'game.lua:211'
	Local variables:
	 self = table: 0x35d46b68  {SPEEDFACTOR:1, F_GUIDE:false, keybind_mapping:table: 0x35d51b48, F_CRASH_REPORTS:false, P_CARDS:table: 0x360cdfe0, shared_undiscovered_joker:table: 0x35cb8e58 (more...)}
	 settings = string: "return {[\"version\"]=\"1.0.1o-FULL\",[\"paused\"]=false,[\"QUEUED_CHANGE\"]={},[\"COMP\"]={[\"prev_name\"]=\"\",[\"name\"]=\"\",[\"score\"]=7.4043668523398e+15,},[\"colourblind_option\"]=true,[\"play_button_pos\"]=2,[\"CUSTOM_DECK\"]={[\"Collabs\"]={[\"Spades\"]=\"uni2skin_spades_skin\",[\"paperback_Stars\"]=\"paperback_steel_ball_paperback_stars\",[\"Clubs\"]=\"vocal_Hatsune Miku\",[\"Hearts\"]=\"uni2skin_hearts_skin\",[\"Diamonds\"]=\"uni2skin_diamonds_skin\",[\"paperback_Crowns\"]=\"paperback_cult_of_the_lamb_paperback_crowns\",},},[\"STATUSTEXT\"]=0,[\"colour_palettes\"]={[\"Spades\"]=\"lc\",[\"paperback_Stars\"]=\"lc\",[\"Clubs\"]=\"hc\",[\"Hearts\"]=\"hc\",[\"Diamonds\"]=\"hc\",[\"paperback_Crowns\"]=\"lc\",},[\"crashreports\"]=false,[\"tutorial_progress\"]={[\"hold_parts\"]={[\"first_hand_3\"]=true,[\"small_blind\"]=true,[\"big_blind\"]=true,[\"first_hand_4\"]=true,[\"second_hand\"]=true,[\"shop_1\"]=true,[\"first_hand_2\"]=true,[\"first_hand\"]=true,},[\"section\"]=\"second_hand\",[\"completed_parts\"]={[\"first_hand\"]=true,[\"first_hand_3\"]=true,[\"small_blind\"]=true,[\"big_blind\"]=true,[\"first_hand_4\"]=true,[\"shop_1\"]=true,[\"first_hand_section\"]=true,[\"first_hand_2\"]=true,[\"second_hand\"]=true,},},[\"language\"]=\"en-us\",[\"run_stake_stickers\"]=true,[\"profile\"]=1,[\"WINDOW\"]={[\"vsync\"]=1,[\"display_names\"]={[2]=\"2\",[1]=\"1\",},[\"screenmode\"]=\"Borderless\",[\"DISPLAYS\"]={[2]={[\"screen_resolutions\"]={[\"strings\"]={[1]=\"1920 X 1080\",},[\"values\"]={[1]={[\"w\"]=1920,[\"h\"]=1080,},},},[\"DPI_scale\"]=1,[\"MONITOR_DIMS\"]={[\"height\"]=1080,[\"width\"]=1920,},},[1]={[\"screen_resolutions\"]={[\"strings\"]={[1]=\"3840 X 2160\",},[\"values\"]={[1]={[\"w\"]=1920,[\"h\"]=1080,},},},[\"screen_res\"]={[\"w\"]=1920,[\"h\"]=1080,},[\"DPI_scale\"]=1,[\"MONITOR_DIMS\"]={[\"height\"]=2160,[\"width\"]=3840,},},},[\"selected_display\"]=1,},[\"screenshake\"]=78.006437670188,[\"GAMESPEED\"]=4,[\"SOUND\"]={[\"volume\"]=22.221016229291,[\"music_volume\"]=0,[\"game_sounds_volume\"]=100,},[\"music_control\"]={[\"current_track\"]=\"\",[\"desired_track\"]=\"\",[\"lerp\"]=1,},[\"ACHIEVEMENTS_EARNED\"]={[\"speedrunner\"]=true,[\"_10k\"]=true,[\"retrograde\"]=true,[\"card_player\"]=true,[\"roi\"]=true,[\"tiny_hands\"]=true,[\"_100000k\"]=true,[\"cartomancy\"]=true,[\"big_hands\"]=true,[\"royale\"]=true,[\"mid_stakes\"]=true,[\"completionist\"]=true,[\"nest_egg\"]=true,[\"_1000k\"]=true,[\"ante_upper\"]=true,[\"astronomy\"]=true,[\"heads_up\"]=true,[\"card_discarder\"]=true,[\"legendary\"]=true,[\"extreme_couponer\"]=true,[\"shattered\"]=true,[\"low_stakes\"]=true,[\"high_stakes\"]=true,[\"clairvoyance\"]=true,[\"ante_up\"]=true,[\"you_get_what_you_get\"]=true,},[\"tutorial_complete\"]=true,[\"current_setup\"]=\"Continue\",[\"ambient_control\"]={[\"ambientFire1\"]={[\"per\"]=1.1,[\"vol\"]=0,},[\"ambientOrgan1\"]={[\"per\"]=0.7,[\"vol\"]=0,},[\"ambientFire2\"]={[\"per\"]=1.05,[\"vol\"]=0,},[\"ambientFire3\"]={[\"per\"]=1,[\"vol\"]=0,},},[\"FASTFORWARD\"]=1,[\"DEMO\"]={[\"win_CTA_shown\"]=true,[\"quit_CTA_shown\"]=true,[\"timed_CTA_shown\"]=true,[\"total_uptime\"]=5.0097923690354,},[\"GRAPHICS\"]={[\"texture_scaling\"]=2,[\"crt\"]=80.255834838408,[\"shadows\"]=\"On\",[\"bloom\"]=2,},}"
	 settings_ver = nil
	 new_colour_proto = table: 0x35d4f3d8  {Spades:table: 0x35d4f640, Hearts:table: 0x35d4f4f0, Diamonds:table: 0x35d4f5a8, Clubs:table: 0x35d4f6f8}
	 sound_files = table: 0x36174070  {1:ambientFire1.ogg, 2:ambientFire2.ogg, 3:ambientFire3.ogg, 4:ambientOrgan1.ogg, 5:button.ogg, 6:cancel.ogg, 7:card1.ogg, 8:card3.ogg, 9:cardFan2.ogg (more...)}
	 shader_files = table: 0x36177b10  {1:CRT.fs, 2:background.fs, 3:booster.fs, 4:debuff.fs, 5:dissolve.fs, 6:flame.fs, 7:flash.fs, 8:foil.fs, 9:gold_seal.fs, 10:holo.fs, 11:hologram.fs (more...)}
(8) Lua field 'load' at file 'main.lua:952'
(9) Lua function '?' at file 'main.lua:899' (best guess)
(10) global C function 'xpcall'
(11) LÖVE function at file 'boot.lua:368' (best guess)
	Local variables:
	 result = boolean: true
	 main = nil
(12) global C function 'xpcall'
(13) LÖVE function at file 'boot.lua:377' (best guess)
	Local variables:
	 func = Lua function '(LÖVE Function)' (defined at line 355 of chunk [love "boot.lua"])
	 inerror = boolean: true
	 deferErrhand = Lua function '(LÖVE Function)' (defined at line 348 of chunk [love "boot.lua"])
	 earlyinit = Lua function '(LÖVE Function)' (defined at line 355 of chunk [love "boot.lua"])
 
INFO - [G] line not found
INFO - [G] line not found
INFO - [G] file not found: main.lua: No such file or directory
INFO - [G] 2025-07-02 20:30:37 :: INFO  :: StackTrace :: Additional Context:
Balatro Version: 1.0.1o-FULL
Modded Version: 1.0.0~BETA-0614a-STEAMODDED
LÖVE Version: 11.5.0
Lovely Version: 0.7.1
Platform: Windows
Steamodded Mods:
    1: Under Night In-Birth Skin by pixloen [ID: uni2skin, Version: 1.0.0]
    2: Trans Spectrals by RadicaAprils, AutumnMood (it/she/they) [ID: TSpectrals, Version: 1.2]
    3: JokerSellValue by OppositeWolf770 [ID: JokerSellValue, Priority: 100000, Version: 1.2.1]
    4: Card Sleeves by Larswijn [ID: CardSleeves, Priority: -10, Version: 1.7.1]
    5: Luna's Enhancedments by LunaAstraCassiopeia [ID: EnhancedEnhancements]
    6: Extended Blueprint by toneblock [ID: ExtendedBlueprint, Version: 0.3.2]
    7: Galdur by Eremel_ [ID: galdur, Priority: -10000, Version: 1.2]
    8: Cosmos by Cosmos [ID: Cosmos, Version: 1.0.0]
    9: Achievements Enabler by Steamo [ID: AchievementsEnabler]
    10: Incantation by jenwalter666, MathIsFun_ [ID: incantation, Priority: 9e+301, Version: 0.5.10]
    11: Too Many Jokers by cg [ID: toomanyjokers, Priority: 1000000]
    12: JokerDisplay by nh6574 [ID: JokerDisplay, Priority: -100000, Version: 1.8.2.3]
    13: Hey, Listen! by SleepyG11 [ID: HeyListen, Version: 1.0.2]
    14: Aura by MathIsFun_, ChromaPIE, Bard, Grassy311, RattlingSnow353, Solace, RadicaAprils [ID: Aura, Version: 0.023]
    15: Seed Unlocker by MathIsFun_ [ID: SeedUnlocker]
    16: Nopeus by jenwalter666, stupxd [ID: nopeus, Version: 2.2.3]
    17: Talisman by MathIsFun_, Mathguy24, jenwalter666, cg-223 [ID: Talisman, Version: 2.0.3~dev]
    18: Dimserene's Modpack Utility by Dimserene [ID: Modpack_Util]
    19: Always Show Seed by infarctus [ID: Infarctus_Always_Show_Seed]
    20: Wheel of Purchase by SDM_0 [ID: wheelofpurchase, Version: 1.0.0a]
    21: Handy by SleepyG11 [ID: Handy, Version: 1.4.0]
    22: ModPackFixes by elbe [ID: modpackfixes, Priority: -1e+24]
    23: Vocaloid Deck by nolo33lp [ID: vocaloiddeck]
    24: Blueprint by stupxd aka stupid, Jonathan [ID: blueprint, Priority: 69, Version: 3.2]
    25: Cartomancer by stupxd aka stupid [ID: cartomancer, Priority: 69, Version: 4.12]
    26: Neato Jokers by Neato [ID: Neato_Jokers, Version: 1.0.0]
    27: Better Mouse And Gamepad by Kooluve [ID: BetterMouseAndGamepad, Priority: -10000, Version: 1.0.6c]
    28: DebugPlus by WilsontheWolf [ID: DebugPlus, Version: 1.4.2~dev, Uses Lovely]
    29: ExtraCredit by CampfireCollective [ID: extracredit, Priority: 1, Version: 1.3.0]
    30: Flower Pot by ItsFlowwey [ID: FlowerPot, Version: 0.7.25]
    31: Quick Restart by arachnei [ID: quick_restart]
    32: Item Remover by elial1 [ID: ItemRemover, Priority: -1]
    33: House Rules by Mysthaps [ID: HouseRules, Version: 1.4.3]
    34: Potatro by baltdev [ID: dynfps, Version: 1.0.0]
Lovely Mods:
    1: dump 
