INFO - [♥] Lovely 0.7.1
INFO - [♥] Game directory is at "C:\\Program Files\\Steam\\steamapps\\common\\Balatro"
INFO - [♥] Writing logs to "C:\\Users\\amate\\AppData\\Roaming\\Balatro\\Mods\\lovely\\log"
INFO - [♥] Using mod directory at "C:\\Users\\amate\\AppData\\Roaming\\Balatro\\Mods"
INFO - [♥] Cleaning up dumps directory at "C:\\Users\\amate\\AppData\\Roaming\\Balatro\\Mods\\lovely\\dump"
INFO - [♥] Initialization complete in 62ms
INFO - [♥] Applied 1 patch to 'conf.lua'
INFO - [♥] Applied 23 patches to 'main.lua'
INFO - [♥] Applied 12 patches to 'engine/controller.lua'
INFO - [♥] Applied 15 patches to 'back.lua'
INFO - [♥] Applied 7 patches to 'tag.lua'
INFO - [♥] Applied 2 patches to 'engine/moveable.lua'
INFO - [♥] Applied 2 patches to 'engine/sprite.lua'
INFO - [♥] Applied 2 patches to 'engine/animatedsprite.lua'
INFO - [♥] Applied 67 patches to 'functions/misc_functions.lua'
INFO - [♥] Applied 40 patches to 'game.lua'
INFO - [♥] Applied 1 patch to 'globals.lua'
INFO - [♥] Applied 5 patches to 'engine/ui.lua'
INFO - [♥] Applied 91 patches to 'functions/UI_definitions.lua'
INFO - [♥] Applied 48 patches to 'functions/state_events.lua'
INFO - [♥] Applied 115 patches to 'functions/common_events.lua'
INFO - [♥] Applied 50 patches to 'functions/button_callbacks.lua'
INFO - [♥] Applied 165 patches to 'card.lua'
INFO - [♥] Applied 10 patches to 'cardarea.lua'
INFO - [♥] Applied 36 patches to 'blind.lua'
INFO - [♥] Applied 2 patches to 'engine/text.lua'
INFO - [G] Failed to connect to the debug server 
INFO - [G] 2025-07-02 21:39:26 :: DEBUG :: DebugConsole :: Steamodded Debug Socket started ! 
INFO - [G] 2025-07-02 21:39:26 :: INFO  :: SMODS :: Steamodded v1.0.0~BETA-0614a 
INFO - [♥] Applied 9 patches to 'engine/sound_manager.lua'
INFO - [♥] Applied 1 patch to 'engine/save_manager.lua'
INFO - [G] 2025-07-02 21:39:28 :: INFO  :: Loader :: Valid JSON file found 
INFO - [G] 2025-07-02 21:39:28 :: ERROR :: Loader :: Found invalid metadata JSON file at C:\Users\amate\AppData\Roaming\Balatro\Mods/Balatro Test Mod/smods-1.0.0-beta-0614a/manifest.json, ignoring: [SMODS _ "src/loader.lua"]:226: id 
INFO - [G] 2025-07-02 21:39:28 :: ERROR :: Loader :: Found invalid metadata JSON file at C:\Users\amate\AppData\Roaming\Balatro\Mods/DebugPlus/.luarc.json, ignoring: [SMODS _ "src/loader.lua"]:226: id 
INFO - [G] 2025-07-02 21:39:28 :: ERROR :: Loader :: Found invalid metadata JSON file at C:\Users\amate\AppData\Roaming\Balatro\Mods/DebugPlus/dev/.luarc.json, ignoring: [SMODS _ "src/loader.lua"]:226: id 
INFO - [G] 2025-07-02 21:39:28 :: INFO  :: Loader :: Valid JSON file found 
INFO - [G] 2025-07-02 21:39:28 :: INFO  :: TIMER :: [0000] Injected Fonts in 0.002 ms 
INFO - [G] 2025-07-02 21:39:28 :: INFO  :: TIMER :: [0000] Injected Language in 0.002 ms 
INFO - [G] 2025-07-02 21:39:28 :: INFO  :: TIMER :: [0000] Injected [INTERNAL] in 1.928 ms 
INFO - [G] 2025-07-02 21:39:29 :: INFO  :: TIMER :: [0004] Injected Atlas in 667.968 ms 
INFO - [G] 2025-07-02 21:39:29 :: INFO  :: TIMER :: [0001] Injected Sound in 0.185 ms 
INFO - [G] 2025-07-02 21:39:29 :: INFO  :: TIMER :: [0008] Injected Stake in 0.417 ms 
INFO - [G] 2025-07-02 21:39:29 :: INFO  :: TIMER :: [0004] Injected Rarity in 0.047 ms 
INFO - [G] 2025-07-02 21:39:29 :: INFO  :: TIMER :: [0004] Injected ObjectType in 0.067 ms 
INFO - [G] 2025-07-02 21:39:29 :: INFO  :: TIMER :: [0050] Injected Center in 0.754 ms 
INFO - [G] 2025-07-02 21:39:29 :: INFO  :: TIMER :: [0007] Injected Undiscovered Sprite in 0.020 ms 
INFO - [G] 2025-07-02 21:39:29 :: INFO  :: TIMER :: [0002] Injected Blind in 0.025 ms 
INFO - [G] 2025-07-02 21:39:29 :: INFO  :: TIMER :: [0004] Injected Seal in 0.216 ms 
INFO - [G] 2025-07-02 21:39:29 :: INFO  :: TIMER :: [0004] Injected Suit in 0.189 ms 
INFO - [G] 2025-07-02 21:39:29 :: INFO  :: TIMER :: [0013] Injected Rank in 0.173 ms 
INFO - [G] 2025-07-02 21:39:29 :: INFO  :: TIMER :: [0028] Injected DeckSkin in 0.308 ms 
INFO - [G] 2025-07-02 21:39:29 :: INFO  :: TIMER :: [0012] Injected PokerHand in 0.078 ms 
INFO - [G] 2025-07-02 21:39:29 :: INFO  :: TIMER :: [0020] Injected Challenge in 0.118 ms 
INFO - [G] 2025-07-02 21:39:29 :: INFO  :: TIMER :: [0000] Injected Tag in 0.002 ms 
INFO - [G] 2025-07-02 21:39:29 :: INFO  :: TIMER :: [0004] Injected Sticker in 0.160 ms 
INFO - [G] 2025-07-02 21:39:29 :: INFO  :: TIMER :: [0000] Injected Shader in 0.001 ms 
INFO - [G] 2025-07-02 21:39:29 :: INFO  :: TIMER :: [0002] Injected Keybind in 0.058 ms 
INFO - [G] 2025-07-02 21:39:29 :: INFO  :: TIMER :: [0000] Injected Achievement in 0.083 ms 
INFO - [G] 2025-07-02 21:39:29 :: INFO  :: TIMER :: [0002] Injected nil in 0.076 ms 
INFO - [G] 2025-07-02 21:39:29 :: INFO  :: TIMER :: [0021] Injected Draw Step in 0.237 ms 
INFO - [G] 2025-07-02 21:39:29 :: INFO  :: TIMER :: [0000] Injected [INTERNAL] in 0.396 ms 
INFO - [G] [DebugPlus] Press [/] to toggle console and press [shift] + [/] to toggle new log previews 
