INFO - [♥] Lovely 0.7.1
INFO - [♥] Game directory is at "C:\\Program Files\\Steam\\steamapps\\common\\Balatro"
INFO - [♥] Writing logs to "C:\\Users\\amate\\AppData\\Roaming\\Balatro\\Mods\\lovely\\log"
INFO - [♥] Using mod directory at "C:\\Users\\amate\\AppData\\Roaming\\Balatro\\Mods"
INFO - [♥] Cleaning up dumps directory at "C:\\Users\\amate\\AppData\\Roaming\\Balatro\\Mods\\lovely\\dump"
INFO - [♥] Initialization complete in 47ms
INFO - [♥] Applied 1 patch to 'conf.lua'
INFO - [♥] Applied 23 patches to 'main.lua'
INFO - [♥] Applied 12 patches to 'engine/controller.lua'
INFO - [♥] Applied 15 patches to 'back.lua'
INFO - [♥] Applied 7 patches to 'tag.lua'
INFO - [♥] Applied 2 patches to 'engine/moveable.lua'
INFO - [♥] Applied 2 patches to 'engine/sprite.lua'
INFO - [♥] Applied 2 patches to 'engine/animatedsprite.lua'
INFO - [♥] Applied 67 patches to 'functions/misc_functions.lua'
INFO - [♥] Applied 40 patches to 'game.lua'
INFO - [♥] Applied 1 patch to 'globals.lua'
INFO - [♥] Applied 5 patches to 'engine/ui.lua'
INFO - [♥] Applied 91 patches to 'functions/UI_definitions.lua'
INFO - [♥] Applied 48 patches to 'functions/state_events.lua'
INFO - [♥] Applied 115 patches to 'functions/common_events.lua'
INFO - [♥] Applied 50 patches to 'functions/button_callbacks.lua'
INFO - [♥] Applied 165 patches to 'card.lua'
INFO - [♥] Applied 10 patches to 'cardarea.lua'
INFO - [♥] Applied 36 patches to 'blind.lua'
INFO - [♥] Applied 2 patches to 'engine/text.lua'
INFO - [G] Failed to connect to the debug server 
INFO - [G] 2025-07-02 20:31:32 :: DEBUG :: DebugConsole :: Steamodded Debug Socket started ! 
INFO - [G] 2025-07-02 20:31:32 :: INFO  :: SMODS :: Steamodded v1.0.0~BETA-0614a 
INFO - [♥] Applied 9 patches to 'engine/sound_manager.lua'
INFO - [♥] Applied 1 patch to 'engine/save_manager.lua'
INFO - [G] 2025-07-02 20:31:34 :: ERROR :: Loader :: Found invalid metadata JSON file at C:\Users\amate\AppData\Roaming\Balatro\Mods/Balatro Test Mod/balatro_test.json, ignoring: [SMODS _ "src/loader.lua"]:226: name 
INFO - [G] 2025-07-02 20:31:34 :: ERROR :: Loader :: Found invalid metadata JSON file at C:\Users\amate\AppData\Roaming\Balatro\Mods/Balatro Test Mod/smods-1.0.0-beta-0614a/manifest.json, ignoring: [SMODS _ "src/loader.lua"]:226: id 
INFO - [G] 2025-07-02 20:31:34 :: ERROR :: Loader :: Found invalid metadata JSON file at C:\Users\amate\AppData\Roaming\Balatro\Mods/DebugPlus/.luarc.json, ignoring: [SMODS _ "src/loader.lua"]:226: id 
INFO - [G] 2025-07-02 20:31:34 :: ERROR :: Loader :: Found invalid metadata JSON file at C:\Users\amate\AppData\Roaming\Balatro\Mods/DebugPlus/dev/.luarc.json, ignoring: [SMODS _ "src/loader.lua"]:226: id 
INFO - [G] 2025-07-02 20:31:34 :: INFO  :: Loader :: Valid JSON file found 
INFO - [G] 2025-07-02 20:31:34 :: INFO  :: TIMER :: [0000] Injected Fonts in 0.002 ms 
INFO - [G] 2025-07-02 20:31:34 :: INFO  :: TIMER :: [0000] Injected Language in 0.003 ms 
INFO - [G] 2025-07-02 20:31:34 :: INFO  :: TIMER :: [0000] Injected [INTERNAL] in 3.096 ms 
INFO - [G] 2025-07-02 20:31:35 :: INFO  :: TIMER :: [0003] Injected Atlas in 679.839 ms 
INFO - [G] 2025-07-02 20:31:35 :: INFO  :: TIMER :: [0001] Injected Sound in 8.647 ms 
INFO - [G] 2025-07-02 20:31:35 :: INFO  :: TIMER :: [0008] Injected Stake in 0.293 ms 
INFO - [G] 2025-07-02 20:31:35 :: INFO  :: TIMER :: [0004] Injected Rarity in 0.025 ms 
INFO - [G] 2025-07-02 20:31:35 :: INFO  :: TIMER :: [0004] Injected ObjectType in 0.083 ms 
INFO - [G] 2025-07-02 20:31:35 :: INFO  :: TIMER :: [0049] Injected Center in 0.672 ms 
INFO - [G] 2025-07-02 20:31:35 :: INFO  :: TIMER :: [0007] Injected Undiscovered Sprite in 0.024 ms 
INFO - [G] 2025-07-02 20:31:35 :: INFO  :: TIMER :: [0002] Injected Blind in 0.021 ms 
INFO - [G] 2025-07-02 20:31:35 :: INFO  :: TIMER :: [0004] Injected Seal in 0.224 ms 
INFO - [G] 2025-07-02 20:31:35 :: INFO  :: TIMER :: [0004] Injected Suit in 0.130 ms 
INFO - [G] 2025-07-02 20:31:35 :: INFO  :: TIMER :: [0013] Injected Rank in 0.210 ms 
INFO - [G] 2025-07-02 20:31:35 :: INFO  :: TIMER :: [0028] Injected DeckSkin in 0.559 ms 
INFO - [G] 2025-07-02 20:31:35 :: INFO  :: TIMER :: [0012] Injected PokerHand in 0.280 ms 
INFO - [G] 2025-07-02 20:31:35 :: INFO  :: TIMER :: [0020] Injected Challenge in 0.159 ms 
INFO - [G] 2025-07-02 20:31:35 :: INFO  :: TIMER :: [0000] Injected Tag in 0.001 ms 
INFO - [G] 2025-07-02 20:31:35 :: INFO  :: TIMER :: [0004] Injected Sticker in 0.457 ms 
INFO - [G] 2025-07-02 20:31:35 :: INFO  :: TIMER :: [0000] Injected Shader in 0.001 ms 
INFO - [G] 2025-07-02 20:31:35 :: INFO  :: TIMER :: [0002] Injected Keybind in 0.017 ms 
INFO - [G] 2025-07-02 20:31:35 :: INFO  :: TIMER :: [0000] Injected Achievement in 0.154 ms 
INFO - [G] 2025-07-02 20:31:35 :: INFO  :: TIMER :: [0002] Injected nil in 0.103 ms 
INFO - [G] 2025-07-02 20:31:35 :: INFO  :: TIMER :: [0021] Injected Draw Step in 0.365 ms 
INFO - [G] 2025-07-02 20:31:35 :: INFO  :: TIMER :: [0000] Injected [INTERNAL] in 0.301 ms 
INFO - [G] [DebugPlus] Press [/] to toggle console and press [shift] + [/] to toggle new log previews 
